<?xml version="1.0" encoding="UTF-8"?>
<coverage generated="1519370961529" clover="3.2.0">
  <project timestamp="1519370961529" name="All files">
    <metrics statements="34" coveredstatements="34" conditionals="22" coveredconditionals="22" methods="5" coveredmethods="5" elements="61" coveredelements="61" complexity="0" loc="34" ncloc="34" packages="3" files="3" classes="3">
      <package name="001-Two-Sum">
        <metrics statements="8" coveredstatements="8" conditionals="2" coveredconditionals="2" methods="1" coveredmethods="1"/>
        <file name="index.js" path="/Users/chlins/github/Leetjs/001-Two-Sum/index.js">
          <metrics statements="8" coveredstatements="8" conditionals="2" coveredconditionals="2" methods="1" coveredmethods="1"/>
          <line num="6" count="1" type="stmt"/>
          <line num="7" count="2" type="stmt"/>
          <line num="8" count="2" type="stmt"/>
          <line num="9" count="2" type="stmt"/>
          <line num="10" count="4" type="cond" truecount="2" falsecount="0"/>
          <line num="11" count="1" type="stmt"/>
          <line num="13" count="3" type="stmt"/>
          <line num="15" count="1" type="stmt"/>
        </file>
      </package>
      <package name="002-Add-Two-Numbers">
        <metrics statements="19" coveredstatements="19" conditionals="18" coveredconditionals="18" methods="2" coveredmethods="2"/>
        <file name="index.js" path="/Users/chlins/github/Leetjs/002-Add-Two-Numbers/index.js">
          <metrics statements="19" coveredstatements="19" conditionals="18" coveredconditionals="18" methods="2" coveredmethods="2"/>
          <line num="15" count="23" type="stmt"/>
          <line num="16" count="23" type="stmt"/>
          <line num="19" count="1" type="stmt"/>
          <line num="21" count="3" type="stmt"/>
          <line num="23" count="3" type="stmt"/>
          <line num="25" count="3" type="stmt"/>
          <line num="27" count="3" type="cond" truecount="2" falsecount="0"/>
          <line num="28" count="7" type="cond" truecount="4" falsecount="0"/>
          <line num="29" count="7" type="cond" truecount="4" falsecount="0"/>
          <line num="30" count="7" type="stmt"/>
          <line num="31" count="7" type="cond" truecount="2" falsecount="0"/>
          <line num="32" count="7" type="stmt"/>
          <line num="33" count="7" type="stmt"/>
          <line num="34" count="7" type="cond" truecount="2" falsecount="0"/>
          <line num="35" count="7" type="cond" truecount="2" falsecount="0"/>
          <line num="38" count="3" type="cond" truecount="2" falsecount="0"/>
          <line num="39" count="1" type="stmt"/>
          <line num="42" count="3" type="stmt"/>
          <line num="43" count="3" type="stmt"/>
        </file>
      </package>
      <package name="003-Longest-Substring-Without-Repeating-Characters">
        <metrics statements="7" coveredstatements="7" conditionals="2" coveredconditionals="2" methods="2" coveredmethods="2"/>
        <file name="index.js" path="/Users/chlins/github/Leetjs/003-Longest-Substring-Without-Repeating-Characters/index.js">
          <metrics statements="7" coveredstatements="7" conditionals="2" coveredconditionals="2" methods="2" coveredmethods="2"/>
          <line num="5" count="1" type="stmt"/>
          <line num="6" count="3" type="stmt"/>
          <line num="7" count="3" type="stmt"/>
          <line num="9" count="3" type="stmt"/>
          <line num="10" count="19" type="cond" truecount="2" falsecount="0"/>
          <line num="11" count="19" type="stmt"/>
          <line num="12" count="19" type="stmt"/>
        </file>
      </package>
    </metrics>
  </project>
</coverage>
