{"/Users/chlins/github/Leetjs/001-Two-Sum/index.js": {"path":"/Users/chlins/github/Leetjs/001-Two-Sum/index.js","statementMap":{"0":{"start":{"line":6,"column":15},"end":{"line":16,"column":1}},"1":{"start":{"line":7,"column":18},"end":{"line":7,"column":20}},"2":{"start":{"line":8,"column":10},"end":{"line":8,"column":11}},"3":{"start":{"line":9,"column":2},"end":{"line":14,"column":3}},"4":{"start":{"line":10,"column":4},"end":{"line":12,"column":5}},"5":{"start":{"line":11,"column":6},"end":{"line":11,"column":48}},"6":{"start":{"line":13,"column":4},"end":{"line":13,"column":29}},"7":{"start":{"line":15,"column":2},"end":{"line":15,"column":12}}},"fnMap":{"0":{"name":"(anonymous_0)","decl":{"start":{"line":6,"column":15},"end":{"line":6,"column":16}},"loc":{"start":{"line":6,"column":37},"end":{"line":16,"column":1}},"line":6}},"branchMap":{"0":{"loc":{"start":{"line":10,"column":4},"end":{"line":12,"column":5}},"type":"if","locations":[{"start":{"line":10,"column":4},"end":{"line":12,"column":5}},{"start":{"line":10,"column":4},"end":{"line":12,"column":5}}],"line":10}},"s":{"0":1,"1":2,"2":2,"3":2,"4":4,"5":1,"6":3,"7":1},"f":{"0":2},"b":{"0":[1,3]},"_coverageSchema":"332fd63041d2c1bcb487cc26dd0d5f7d97098a6c","hash":"35bd8f1ae71c78757a7fc1a29e6dbcb1f748e7ca"}
,"/Users/chlins/github/Leetjs/002-Add-Two-Numbers/index.js": {"path":"/Users/chlins/github/Leetjs/002-Add-Two-Numbers/index.js","statementMap":{"0":{"start":{"line":15,"column":2},"end":{"line":15,"column":17}},"1":{"start":{"line":16,"column":2},"end":{"line":16,"column":19}},"2":{"start":{"line":19,"column":22},"end":{"line":44,"column":1}},"3":{"start":{"line":21,"column":13},"end":{"line":21,"column":28}},"4":{"start":{"line":23,"column":12},"end":{"line":23,"column":16}},"5":{"start":{"line":25,"column":14},"end":{"line":25,"column":15}},"6":{"start":{"line":27,"column":2},"end":{"line":36,"column":3}},"7":{"start":{"line":28,"column":14},"end":{"line":28,"column":64}},"8":{"start":{"line":29,"column":14},"end":{"line":29,"column":64}},"9":{"start":{"line":30,"column":18},"end":{"line":30,"column":38}},"10":{"start":{"line":31,"column":4},"end":{"line":31,"column":42}},"11":{"start":{"line":32,"column":4},"end":{"line":32,"column":36}},"12":{"start":{"line":33,"column":4},"end":{"line":33,"column":21}},"13":{"start":{"line":34,"column":4},"end":{"line":34,"column":40}},"14":{"start":{"line":35,"column":4},"end":{"line":35,"column":40}},"15":{"start":{"line":38,"column":2},"end":{"line":40,"column":3}},"16":{"start":{"line":39,"column":4},"end":{"line":39,"column":32}},"17":{"start":{"line":42,"column":2},"end":{"line":42,"column":17}},"18":{"start":{"line":43,"column":2},"end":{"line":43,"column":13}}},"fnMap":{"0":{"name":"ListNode","decl":{"start":{"line":14,"column":9},"end":{"line":14,"column":17}},"loc":{"start":{"line":14,"column":23},"end":{"line":17,"column":1}},"line":14},"1":{"name":"(anonymous_1)","decl":{"start":{"line":19,"column":22},"end":{"line":19,"column":23}},"loc":{"start":{"line":19,"column":34},"end":{"line":44,"column":1}},"line":19}},"branchMap":{"0":{"loc":{"start":{"line":27,"column":9},"end":{"line":27,"column":17}},"type":"binary-expr","locations":[{"start":{"line":27,"column":9},"end":{"line":27,"column":11}},{"start":{"line":27,"column":15},"end":{"line":27,"column":17}}],"line":27},"1":{"loc":{"start":{"line":28,"column":14},"end":{"line":28,"column":64}},"type":"cond-expr","locations":[{"start":{"line":28,"column":54},"end":{"line":28,"column":60}},{"start":{"line":28,"column":63},"end":{"line":28,"column":64}}],"line":28},"2":{"loc":{"start":{"line":28,"column":15},"end":{"line":28,"column":50}},"type":"binary-expr","locations":[{"start":{"line":28,"column":15},"end":{"line":28,"column":26}},{"start":{"line":28,"column":30},"end":{"line":28,"column":50}}],"line":28},"3":{"loc":{"start":{"line":29,"column":14},"end":{"line":29,"column":64}},"type":"cond-expr","locations":[{"start":{"line":29,"column":54},"end":{"line":29,"column":60}},{"start":{"line":29,"column":63},"end":{"line":29,"column":64}}],"line":29},"4":{"loc":{"start":{"line":29,"column":15},"end":{"line":29,"column":50}},"type":"binary-expr","locations":[{"start":{"line":29,"column":15},"end":{"line":29,"column":26}},{"start":{"line":29,"column":30},"end":{"line":29,"column":50}}],"line":29},"5":{"loc":{"start":{"line":31,"column":12},"end":{"line":31,"column":41}},"type":"cond-expr","locations":[{"start":{"line":31,"column":36},"end":{"line":31,"column":37}},{"start":{"line":31,"column":40},"end":{"line":31,"column":41}}],"line":31},"6":{"loc":{"start":{"line":34,"column":9},"end":{"line":34,"column":39}},"type":"cond-expr","locations":[{"start":{"line":34,"column":25},"end":{"line":34,"column":32}},{"start":{"line":34,"column":35},"end":{"line":34,"column":39}}],"line":34},"7":{"loc":{"start":{"line":35,"column":9},"end":{"line":35,"column":39}},"type":"cond-expr","locations":[{"start":{"line":35,"column":25},"end":{"line":35,"column":32}},{"start":{"line":35,"column":35},"end":{"line":35,"column":39}}],"line":35},"8":{"loc":{"start":{"line":38,"column":2},"end":{"line":40,"column":3}},"type":"if","locations":[{"start":{"line":38,"column":2},"end":{"line":40,"column":3}},{"start":{"line":38,"column":2},"end":{"line":40,"column":3}}],"line":38}},"s":{"0":23,"1":23,"2":1,"3":3,"4":3,"5":3,"6":3,"7":7,"8":7,"9":7,"10":7,"11":7,"12":7,"13":7,"14":7,"15":3,"16":1,"17":3,"18":3},"f":{"0":23,"1":3},"b":{"0":[10,4],"1":[6,1],"2":[7,6],"3":[6,1],"4":[7,6],"5":[3,4],"6":[6,1],"7":[6,1],"8":[1,2]},"_coverageSchema":"332fd63041d2c1bcb487cc26dd0d5f7d97098a6c","hash":"fa14d496dc8b3d1296919030026ec73b741547cd"}
}
