{"/Users/chlins/github/Leetjs/001-Two-Sum/index.js": {"path":"/Users/chlins/github/Leetjs/001-Two-Sum/index.js","statementMap":{"0":{"start":{"line":6,"column":15},"end":{"line":16,"column":1}},"1":{"start":{"line":7,"column":18},"end":{"line":7,"column":20}},"2":{"start":{"line":8,"column":10},"end":{"line":8,"column":11}},"3":{"start":{"line":9,"column":2},"end":{"line":14,"column":3}},"4":{"start":{"line":10,"column":4},"end":{"line":12,"column":5}},"5":{"start":{"line":11,"column":6},"end":{"line":11,"column":48}},"6":{"start":{"line":13,"column":4},"end":{"line":13,"column":29}},"7":{"start":{"line":15,"column":2},"end":{"line":15,"column":12}}},"fnMap":{"0":{"name":"(anonymous_0)","decl":{"start":{"line":6,"column":15},"end":{"line":6,"column":16}},"loc":{"start":{"line":6,"column":37},"end":{"line":16,"column":1}},"line":6}},"branchMap":{"0":{"loc":{"start":{"line":10,"column":4},"end":{"line":12,"column":5}},"type":"if","locations":[{"start":{"line":10,"column":4},"end":{"line":12,"column":5}},{"start":{"line":10,"column":4},"end":{"line":12,"column":5}}],"line":10}},"s":{"0":1,"1":2,"2":2,"3":2,"4":4,"5":1,"6":3,"7":1},"f":{"0":2},"b":{"0":[1,3]},"_coverageSchema":"332fd63041d2c1bcb487cc26dd0d5f7d97098a6c","hash":"35bd8f1ae71c78757a7fc1a29e6dbcb1f748e7ca"}
}
