TN:
SF:/Users/chlins/github/Leetjs/001-Two-Sum/index.js
FN:6,(anonymous_0)
FNF:1
FNH:1
FNDA:2,(anonymous_0)
DA:6,1
DA:7,2
DA:8,2
DA:9,2
DA:10,4
DA:11,1
DA:13,3
DA:15,1
LF:8
LH:8
BRDA:10,0,0,1
BRDA:10,0,1,3
BRF:2
BRH:2
end_of_record
TN:
SF:/Users/chlins/github/Leetjs/002-Add-Two-Numbers/index.js
FN:14,ListNode
FN:19,(anonymous_1)
FNF:2
FNH:2
FNDA:23,ListNode
FNDA:3,(anonymous_1)
DA:15,23
DA:16,23
DA:19,1
DA:21,3
DA:23,3
DA:25,3
DA:27,3
DA:28,7
DA:29,7
DA:30,7
DA:31,7
DA:32,7
DA:33,7
DA:34,7
DA:35,7
DA:38,3
DA:39,1
DA:42,3
DA:43,3
LF:19
LH:19
BRDA:27,0,0,10
BRDA:27,0,1,4
BRDA:28,1,0,6
BRDA:28,1,1,1
BRDA:28,2,0,7
BRDA:28,2,1,6
BRDA:29,3,0,6
BRDA:29,3,1,1
BRDA:29,4,0,7
BRDA:29,4,1,6
BRDA:31,5,0,3
BRDA:31,5,1,4
BRDA:34,6,0,6
BRDA:34,6,1,1
BRDA:35,7,0,6
BRDA:35,7,1,1
BRDA:38,8,0,1
BRDA:38,8,1,2
BRF:18
BRH:18
end_of_record
